c:\tvorba\programovanie\gitrepo\firstsdl\firstsdl\x64\debug\vc141.pdb
c:\tvorba\programovanie\gitrepo\firstsdl\firstsdl\x64\debug\vc141.idb
c:\tvorba\programovanie\gitrepo\firstsdl\firstsdl\x64\debug\animation.obj
c:\tvorba\programovanie\gitrepo\firstsdl\firstsdl\x64\debug\basicitem.obj
c:\tvorba\programovanie\gitrepo\firstsdl\firstsdl\x64\debug\goniometricanimation.obj
c:\tvorba\programovanie\gitrepo\firstsdl\firstsdl\x64\debug\levelcontroller.obj
c:\tvorba\programovanie\gitrepo\firstsdl\firstsdl\x64\debug\sdlwindow.obj
c:\tvorba\programovanie\gitrepo\firstsdl\firstsdl\x64\debug\sincosanimation.obj
c:\tvorba\programovanie\gitrepo\firstsdl\firstsdl\x64\debug\source.obj
c:\tvorba\programovanie\gitrepo\firstsdl\firstsdl\x64\debug\tangcotganimation.obj
c:\tvorba\programovanie\gitrepo\firstsdl\firstsdl\x64\debug\tetrisanimation.obj
c:\tvorba\programovanie\gitrepo\firstsdl\firstsdl\firstsdl\x64\debug\vc141.pdb
c:\tvorba\programovanie\gitrepo\firstsdl\firstsdl\firstsdl\x64\debug\vc141.idb
c:\tvorba\programovanie\gitrepo\firstsdl\firstsdl\firstsdl\x64\debug\animation.obj
c:\tvorba\programovanie\gitrepo\firstsdl\firstsdl\firstsdl\x64\debug\eventhandler.obj
c:\tvorba\programovanie\gitrepo\firstsdl\firstsdl\firstsdl\x64\debug\goniometricanimation.obj
c:\tvorba\programovanie\gitrepo\firstsdl\firstsdl\firstsdl\x64\debug\onmouseclick.obj
c:\tvorba\programovanie\gitrepo\firstsdl\firstsdl\firstsdl\x64\debug\physicscontroller.obj
c:\tvorba\programovanie\gitrepo\firstsdl\firstsdl\firstsdl\x64\debug\sincosanimation.obj
c:\tvorba\programovanie\gitrepo\firstsdl\firstsdl\firstsdl\x64\debug\tangcotganimation.obj
c:\tvorba\programovanie\gitrepo\firstsdl\firstsdl\firstsdl\x64\debug\basicitem.obj
c:\tvorba\programovanie\gitrepo\firstsdl\firstsdl\firstsdl\x64\debug\levelcontroller.obj
c:\tvorba\programovanie\gitrepo\firstsdl\firstsdl\firstsdl\x64\debug\source.obj
c:\tvorba\programovanie\gitrepo\firstsdl\firstsdl\firstsdl\x64\debug\fileloader.obj
c:\tvorba\programovanie\gitrepo\firstsdl\firstsdl\firstsdl\x64\debug\button.obj
c:\tvorba\programovanie\gitrepo\firstsdl\firstsdl\firstsdl\x64\debug\mainparticle.obj
c:\tvorba\programovanie\gitrepo\firstsdl\firstsdl\firstsdl\x64\debug\tetrisanimation.obj
c:\tvorba\programovanie\gitrepo\firstsdl\firstsdl\firstsdl\x64\debug\sdlwindow.obj
c:\tvorba\programovanie\gitrepo\firstsdl\firstsdl\firstsdl\x64\debug\filewriter.obj
c:\tvorba\programovanie\gitrepo\firstsdl\firstsdl\firstsdl\x64\debug\physics.obj
c:\tvorba\programovanie\gitrepo\firstsdl\firstsdl\x64\debug\firstsdl.pdb
c:\tvorba\programovanie\gitrepo\firstsdl\firstsdl\firstsdl\x64\debug\firstsdl.tlog\cl.command.1.tlog
c:\tvorba\programovanie\gitrepo\firstsdl\firstsdl\firstsdl\x64\debug\firstsdl.tlog\cl.read.1.tlog
c:\tvorba\programovanie\gitrepo\firstsdl\firstsdl\firstsdl\x64\debug\firstsdl.tlog\cl.write.1.tlog
c:\tvorba\programovanie\gitrepo\firstsdl\firstsdl\firstsdl\x64\debug\firstsdl.tlog\link-cvtres.read.1.tlog
c:\tvorba\programovanie\gitrepo\firstsdl\firstsdl\firstsdl\x64\debug\firstsdl.tlog\link-cvtres.write.1.tlog
c:\tvorba\programovanie\gitrepo\firstsdl\firstsdl\firstsdl\x64\debug\firstsdl.tlog\link-rc.read.1.tlog
c:\tvorba\programovanie\gitrepo\firstsdl\firstsdl\firstsdl\x64\debug\firstsdl.tlog\link-rc.write.1.tlog
c:\tvorba\programovanie\gitrepo\firstsdl\firstsdl\firstsdl\x64\debug\firstsdl.tlog\link.command.1.tlog
c:\tvorba\programovanie\gitrepo\firstsdl\firstsdl\firstsdl\x64\debug\firstsdl.tlog\link.read.1.tlog
c:\tvorba\programovanie\gitrepo\firstsdl\firstsdl\firstsdl\x64\debug\firstsdl.tlog\link.write.1.tlog
