c:\tvorba\programovanie\gitrepo\firstsdl\firstsdl\firstsdl\debug\vc141.pdb
c:\tvorba\programovanie\gitrepo\firstsdl\firstsdl\firstsdl\debug\vc141.idb
c:\tvorba\programovanie\gitrepo\firstsdl\firstsdl\firstsdl\debug\animation.obj
c:\tvorba\programovanie\gitrepo\firstsdl\firstsdl\firstsdl\debug\basicitem.obj
c:\tvorba\programovanie\gitrepo\firstsdl\firstsdl\firstsdl\debug\button.obj
c:\tvorba\programovanie\gitrepo\firstsdl\firstsdl\firstsdl\debug\eventhandler.obj
c:\tvorba\programovanie\gitrepo\firstsdl\firstsdl\firstsdl\debug\fileloader.obj
c:\tvorba\programovanie\gitrepo\firstsdl\firstsdl\firstsdl\debug\filewriter.obj
c:\tvorba\programovanie\gitrepo\firstsdl\firstsdl\firstsdl\debug\goniometricanimation.obj
c:\tvorba\programovanie\gitrepo\firstsdl\firstsdl\firstsdl\debug\levelcontroller.obj
c:\tvorba\programovanie\gitrepo\firstsdl\firstsdl\firstsdl\debug\mainparticle.obj
c:\tvorba\programovanie\gitrepo\firstsdl\firstsdl\firstsdl\debug\onmouseclick.obj
c:\tvorba\programovanie\gitrepo\firstsdl\firstsdl\firstsdl\debug\sdlwindow.obj
c:\tvorba\programovanie\gitrepo\firstsdl\firstsdl\firstsdl\debug\sincosanimation.obj
c:\tvorba\programovanie\gitrepo\firstsdl\firstsdl\firstsdl\debug\source.obj
c:\tvorba\programovanie\gitrepo\firstsdl\firstsdl\firstsdl\debug\tangcotganimation.obj
c:\tvorba\programovanie\gitrepo\firstsdl\firstsdl\firstsdl\debug\tetrisanimation.obj
c:\tvorba\programovanie\gitrepo\firstsdl\firstsdl\debug\firstsdl.lib
c:\tvorba\programovanie\gitrepo\firstsdl\firstsdl\debug\firstsdl.exp
c:\tvorba\programovanie\gitrepo\firstsdl\firstsdl\debug\firstsdl.exe
c:\tvorba\programovanie\gitrepo\firstsdl\firstsdl\debug\firstsdl.ilk
c:\tvorba\programovanie\gitrepo\firstsdl\firstsdl\debug\firstsdl.pdb
c:\tvorba\programovanie\gitrepo\firstsdl\firstsdl\firstsdl\debug\firstsdl.tlog\cl.command.1.tlog
c:\tvorba\programovanie\gitrepo\firstsdl\firstsdl\firstsdl\debug\firstsdl.tlog\cl.read.1.tlog
c:\tvorba\programovanie\gitrepo\firstsdl\firstsdl\firstsdl\debug\firstsdl.tlog\cl.write.1.tlog
c:\tvorba\programovanie\gitrepo\firstsdl\firstsdl\firstsdl\debug\firstsdl.tlog\firstsdl.write.1u.tlog
c:\tvorba\programovanie\gitrepo\firstsdl\firstsdl\firstsdl\debug\firstsdl.tlog\link.command.1.tlog
c:\tvorba\programovanie\gitrepo\firstsdl\firstsdl\firstsdl\debug\firstsdl.tlog\link.read.1.tlog
c:\tvorba\programovanie\gitrepo\firstsdl\firstsdl\firstsdl\debug\firstsdl.tlog\link.write.1.tlog
